=== NUEVA PETICIÓN DE LOGIN APP: 2025-05-14 00:17:43 ===
POST: Array
(
    [usuario] => Quinagro
    [clave] => Quinagro
)

Usuario recibido: 'Quinagro', Clave: 'Quinagro'
Detectado usuario de oficina especial: Quinagro
Autenticación especial exitosa para: Quinagro
Respuesta JSON: {"success":true,"tipo":"oficina","message":"Autenticaci\u00f3n exitosa"}
=== FIN DE PETICIÓN LOGIN APP ===

=== NUEVA PETICIÓN DE LOGIN APP: 2025-05-14 00:18:33 ===
POST: Array
(
    [usuario] => Quinagro
    [clave] => Quinagro
)

Usuario recibido: 'Quinagro', Clave: 'Quinagro'
Detectado usuario de oficina especial: Quinagro
Autenticación especial exitosa para: Quinagro
Respuesta JSON: {"success":true,"tipo":"oficina","message":"Autenticaci\u00f3n exitosa"}
=== FIN DE PETICIÓN LOGIN APP ===

=== NUEVA PETICIÓN DE LOGIN APP: 2025-05-14 00:40:14 ===
POST: Array
(
    [usuario] => Quinagro
    [clave] => Quinagro
)

Usuario recibido: 'Quinagro', Clave: 'Quinagro'
Detectado usuario de oficina especial: Quinagro
Autenticación especial exitosa para: Quinagro
Respuesta JSON: {"success":true,"tipo":"oficina","message":"Autenticaci\u00f3n exitosa"}
=== FIN DE PETICIÓN LOGIN APP ===

=== NUEVA PETICIÓN DE LOGIN APP: 2025-05-14 00:43:13 ===
POST: Array
(
    [usuario] => Quinagro
    [clave] => Quinagro
)

Usuario recibido: 'Quinagro', Clave: 'Quinagro'
Detectado usuario de oficina especial: Quinagro
Autenticación especial exitosa para: Quinagro
Respuesta JSON: {"success":true,"tipo":"oficina","message":"Autenticaci\u00f3n exitosa"}
=== FIN DE PETICIÓN LOGIN APP ===

=== NUEVA PETICIÓN DE LOGIN APP: 2025-05-14 00:45:45 ===
POST: Array
(
    [usuario] => Quinagro
    [clave] => Quinagro
)

Usuario recibido: 'Quinagro', Clave: 'Quinagro'
Detectado usuario de oficina especial: Quinagro
Autenticación especial exitosa para: Quinagro
Respuesta JSON: {"success":true,"tipo":"oficina","message":"Autenticaci\u00f3n exitosa"}
=== FIN DE PETICIÓN LOGIN APP ===

=== NUEVA PETICIÓN DE LOGIN APP: 2025-05-14 00:47:09 ===
POST: Array
(
    [usuario] => Quinagro
    [clave] => Quinagro
)

Usuario recibido: 'Quinagro', Clave: 'Quinagro'
Detectado usuario de oficina especial: Quinagro
Autenticación especial exitosa para: Quinagro
Respuesta JSON: {"success":true,"tipo":"oficina","message":"Autenticaci\u00f3n exitosa"}
=== FIN DE PETICIÓN LOGIN APP ===

=== NUEVA PETICIÓN DE LOGIN APP: 2025-05-14 00:49:03 ===
POST: Array
(
    [usuario] => Quinagro
    [clave] => Quinagro
)

Usuario recibido: 'Quinagro', Clave: 'Quinagro'
Detectado usuario de oficina especial: Quinagro
Autenticación especial exitosa para: Quinagro
Respuesta JSON: {"success":true,"tipo":"oficina","message":"Autenticaci\u00f3n exitosa"}
=== FIN DE PETICIÓN LOGIN APP ===

=== NUEVA PETICIÓN DE LOGIN APP: 2025-05-14 00:51:17 ===
POST: Array
(
    [usuario] => Quinagro
    [clave] => Quinagro
)

Usuario recibido: 'Quinagro', Clave: 'Quinagro'
Detectado usuario de oficina especial: Quinagro
Autenticación especial exitosa para: Quinagro
Respuesta JSON: {"success":true,"tipo":"oficina","message":"Autenticaci\u00f3n exitosa"}
=== FIN DE PETICIÓN LOGIN APP ===

=== NUEVA PETICIÓN DE LOGIN APP: 2025-05-14 00:53:34 ===
POST: Array
(
    [usuario] => Quinagro
    [clave] => Quinagro
)

Usuario recibido: 'Quinagro', Clave: 'Quinagro'
Detectado usuario de oficina especial: Quinagro
Autenticación especial exitosa para: Quinagro
Respuesta JSON: {"success":true,"tipo":"oficina","message":"Autenticaci\u00f3n exitosa"}
=== FIN DE PETICIÓN LOGIN APP ===

=== NUEVA PETICIÓN DE LOGIN APP: 2025-05-14 00:59:59 ===
POST: Array
(
    [usuario] => Quinagro
    [clave] => Quinagro
)

Usuario recibido: 'Quinagro', Clave: 'Quinagro'
Detectado usuario de oficina especial: Quinagro
Autenticación especial exitosa para: Quinagro
Respuesta JSON: {"success":true,"tipo":"oficina","message":"Autenticaci\u00f3n exitosa"}
=== FIN DE PETICIÓN LOGIN APP ===

=== NUEVA PETICIÓN DE LOGIN APP: 2025-05-14 01:03:55 ===
POST: Array
(
    [usuario] => Quinagro
    [clave] => Quinagro
)

Usuario recibido: 'Quinagro', Clave: 'Quinagro'
Detectado usuario de oficina especial: Quinagro
Autenticación especial exitosa para: Quinagro
Respuesta JSON: {"success":true,"tipo":"oficina","message":"Autenticaci\u00f3n exitosa"}
=== FIN DE PETICIÓN LOGIN APP ===

=== NUEVA PETICIÓN DE LOGIN APP: 2025-05-14 01:17:17 ===
POST: Array
(
    [usuario] => Quinagro
    [clave] => Quinagro
)

Usuario recibido: 'Quinagro', Clave: 'Quinagro'
Detectado usuario de oficina especial: Quinagro
Autenticación especial exitosa para: Quinagro
Respuesta JSON: {"success":true,"tipo":"oficina","message":"Autenticaci\u00f3n exitosa"}
=== FIN DE PETICIÓN LOGIN APP ===

=== NUEVA PETICIÓN DE LOGIN APP: 2025-05-14 01:22:57 ===
POST: Array
(
    [usuario] => Quinagro
    [clave] => Quinagro
)

Usuario recibido: 'Quinagro', Clave: 'Quinagro'
Detectado usuario de oficina especial: Quinagro
Autenticación especial exitosa para: Quinagro
Respuesta JSON: {"success":true,"tipo":"oficina","message":"Autenticaci\u00f3n exitosa"}
=== FIN DE PETICIÓN LOGIN APP ===

=== NUEVA PETICIÓN DE LOGIN APP: 2025-05-14 01:24:52 ===
POST: Array
(
    [usuario] => Quinagro
    [clave] => Quinagro
)

Usuario recibido: 'Quinagro', Clave: 'Quinagro'
Detectado usuario de oficina especial: Quinagro
Autenticación especial exitosa para: Quinagro
Respuesta JSON: {"success":true,"tipo":"oficina","message":"Autenticaci\u00f3n exitosa"}
=== FIN DE PETICIÓN LOGIN APP ===

=== NUEVA PETICIÓN DE LOGIN APP: 2025-05-14 01:27:31 ===
POST: Array
(
    [usuario] => Quinagro
    [clave] => Quinagro
)

Usuario recibido: 'Quinagro', Clave: 'Quinagro'
Detectado usuario de oficina especial: Quinagro
Autenticación especial exitosa para: Quinagro
Respuesta JSON: {"success":true,"tipo":"oficina","message":"Autenticaci\u00f3n exitosa"}
=== FIN DE PETICIÓN LOGIN APP ===

=== NUEVA PETICIÓN DE LOGIN APP: 2025-05-14 01:33:10 ===
POST: Array
(
    [usuario] => Quinagro
    [clave] => Quinagro
)

Usuario recibido: 'Quinagro', Clave: 'Quinagro'
Detectado usuario de oficina especial: Quinagro
Autenticación especial exitosa para: Quinagro
Respuesta JSON: {"success":true,"tipo":"oficina","message":"Autenticaci\u00f3n exitosa"}
=== FIN DE PETICIÓN LOGIN APP ===

=== NUEVA PETICIÓN DE LOGIN APP: 2025-05-14 01:35:54 ===
POST: Array
(
    [usuario] => Quinagro
    [clave] => Quinagro
)

Usuario recibido: 'Quinagro', Clave: 'Quinagro'
Detectado usuario de oficina especial: Quinagro
Autenticación especial exitosa para: Quinagro
Respuesta JSON: {"success":true,"tipo":"oficina","message":"Autenticaci\u00f3n exitosa"}
=== FIN DE PETICIÓN LOGIN APP ===

=== NUEVA PETICIÓN DE LOGIN APP: 2025-05-14 01:38:29 ===
POST: Array
(
    [usuario] => Quinagro
    [clave] => Quinagro
)

Usuario recibido: 'Quinagro', Clave: 'Quinagro'
Detectado usuario de oficina especial: Quinagro
Autenticación especial exitosa para: Quinagro
Respuesta JSON: {"success":true,"tipo":"oficina","message":"Autenticaci\u00f3n exitosa"}
=== FIN DE PETICIÓN LOGIN APP ===

=== NUEVA PETICIÓN DE LOGIN APP: 2025-05-14 01:39:35 ===
POST: Array
(
    [usuario] => Quinagro
    [clave] => Quinagro
)

Usuario recibido: 'Quinagro', Clave: 'Quinagro'
Detectado usuario de oficina especial: Quinagro
Autenticación especial exitosa para: Quinagro
Respuesta JSON: {"success":true,"tipo":"oficina","message":"Autenticaci\u00f3n exitosa"}
=== FIN DE PETICIÓN LOGIN APP ===

=== NUEVA PETICIÓN DE LOGIN APP: 2025-05-14 02:19:10 ===
POST: Array
(
    [usuario] => Quinagro
    [clave] => Quinagro
)

Usuario recibido: 'Quinagro', Clave: 'Quinagro'
Intentando autenticación contra BD para: Quinagro
Credenciales incorrectas para: Quinagro
Respuesta JSON: {"success":false,"tipo":null,"message":"Credenciales incorrectas","error":true}
=== FIN DE PETICIÓN LOGIN APP ===

=== NUEVA PETICIÓN DE LOGIN APP: 2025-05-14 02:19:19 ===
POST: Array
(
    [usuario] => Quinagro
    [clave] => Quinagro
)

Usuario recibido: 'Quinagro', Clave: 'Quinagro'
Intentando autenticación contra BD para: Quinagro
Credenciales incorrectas para: Quinagro
Respuesta JSON: {"success":false,"tipo":null,"message":"Credenciales incorrectas","error":true}
=== FIN DE PETICIÓN LOGIN APP ===

=== NUEVA PETICIÓN DE LOGIN APP: 2025-05-14 02:29:58 ===
POST: Array
(
    [usuario] => Quinagro
    [clave] => Quinagro
)

Usuario recibido: 'Quinagro', Clave: 'Quinagro'
Intentando autenticación contra BD para: Quinagro
Credenciales incorrectas para: Quinagro
Respuesta JSON: {"success":false,"tipo":null,"message":"Credenciales incorrectas","error":true}
=== FIN DE PETICIÓN LOGIN APP ===

=== NUEVA PETICIÓN DE LOGIN APP: 2025-05-14 02:34:01 ===
POST: Array
(
    [usuario] => Oficina1
    [clave] => Oficina1
)

Usuario recibido: 'Oficina1', Clave: 'Oficina1'
Detectado usuario de oficina especial: Oficina1
Autenticación especial exitosa para: Oficina1
Respuesta JSON: {"success":true,"tipo":"oficina","message":"Autenticaci\u00f3n exitosa"}
=== FIN DE PETICIÓN LOGIN APP ===

=== NUEVA PETICIÓN DE LOGIN APP: 2025-05-14 02:35:46 ===
POST: Array
(
    [usuario] => Oficina1
    [clave] => Oficina1
)

Usuario recibido: 'Oficina1', Clave: 'Oficina1'
Detectado usuario de oficina especial: Oficina1
Autenticación especial exitosa para: Oficina1
Respuesta JSON: {"success":true,"tipo":"oficina","message":"Autenticaci\u00f3n exitosa"}
=== FIN DE PETICIÓN LOGIN APP ===

=== NUEVA PETICIÓN DE LOGIN APP: 2025-05-14 02:37:18 ===
POST: Array
(
    [usuario] => Oficina1
    [clave] => Oficina1
)

Usuario recibido: 'Oficina1', Clave: 'Oficina1'
Detectado usuario de oficina especial: Oficina1
Autenticación especial exitosa para: Oficina1
Respuesta JSON: {"success":true,"tipo":"oficina","message":"Autenticaci\u00f3n exitosa"}
=== FIN DE PETICIÓN LOGIN APP ===

=== NUEVA PETICIÓN DE LOGIN APP: 2025-05-14 02:39:03 ===
POST: Array
(
    [usuario] => Oficina1
    [clave] => Oficina1
)

Usuario recibido: 'Oficina1', Clave: 'Oficina1'
Detectado usuario de oficina especial: Oficina1
Autenticación especial exitosa para: Oficina1
Respuesta JSON: {"success":true,"tipo":"oficina","message":"Autenticaci\u00f3n exitosa"}
=== FIN DE PETICIÓN LOGIN APP ===

=== NUEVA PETICIÓN DE LOGIN APP: 2025-05-14 02:39:32 ===
POST: Array
(
    [usuario] => Oficina1
    [clave] => Oficina1
)

Usuario recibido: 'Oficina1', Clave: 'Oficina1'
Detectado usuario de oficina especial: Oficina1
Autenticación especial exitosa para: Oficina1
Respuesta JSON: {"success":true,"tipo":"oficina","message":"Autenticaci\u00f3n exitosa"}
=== FIN DE PETICIÓN LOGIN APP ===

=== NUEVA PETICIÓN DE LOGIN APP: 2025-05-14 02:40:09 ===
POST: Array
(
    [usuario] => Oficina1
    [clave] => Oficina1
)

Usuario recibido: 'Oficina1', Clave: 'Oficina1'
Detectado usuario de oficina especial: Oficina1
Autenticación especial exitosa para: Oficina1
Respuesta JSON: {"success":true,"tipo":"oficina","message":"Autenticaci\u00f3n exitosa"}
=== FIN DE PETICIÓN LOGIN APP ===

=== NUEVA PETICIÓN DE LOGIN APP: 2025-05-14 02:40:28 ===
POST: Array
(
    [usuario] => Oficina1
    [clave] => Oficina1
)

Usuario recibido: 'Oficina1', Clave: 'Oficina1'
Detectado usuario de oficina especial: Oficina1
Autenticación especial exitosa para: Oficina1
Respuesta JSON: {"success":true,"tipo":"oficina","message":"Autenticaci\u00f3n exitosa"}
=== FIN DE PETICIÓN LOGIN APP ===

=== NUEVA PETICIÓN DE LOGIN APP: 2025-05-14 02:58:29 ===
POST: Array
(
    [usuario] => Oficina1
    [clave] => Oficina1
)

Usuario recibido: 'Oficina1', Clave: 'Oficina1'
Detectado usuario de oficina especial: Oficina1
Autenticación especial exitosa para: Oficina1
Respuesta JSON: {"success":true,"tipo":"oficina","message":"Autenticaci\u00f3n exitosa"}
=== FIN DE PETICIÓN LOGIN APP ===

=== NUEVA PETICIÓN DE LOGIN APP: 2025-05-14 02:58:38 ===
POST: Array
(
    [usuario] => Oficina1
    [clave] => Oficina1
)

Usuario recibido: 'Oficina1', Clave: 'Oficina1'
Detectado usuario de oficina especial: Oficina1
Autenticación especial exitosa para: Oficina1
Respuesta JSON: {"success":true,"tipo":"oficina","message":"Autenticaci\u00f3n exitosa"}
=== FIN DE PETICIÓN LOGIN APP ===

