=== NUEVA PETICIÓN: 2025-05-13 22:24:26 ===
Variables de conexión disponibles:
host: localhost
username: root
dbname: agrosant_pedidos
¿Existe pdo? sí
Parámetros recibidos:
Vendedor: EDSON BARRERA
Página: 1
Por página: 10
Usando conexión PDO existente
=== FIN DE PETICIÓN ===

=== NUEVA PETICIÓN: 2025-05-13 22:25:58 ===
Variables de conexión disponibles:
host: localhost
username: root
dbname: agrosant_pedidos
¿Existe pdo? sí
Parámetros recibidos:
Vendedor: Quinagro
Página: 1
Por página: 10
Usando conexión PDO existente
=== FIN DE PETICIÓN ===

=== NUEVA PETICIÓN: 2025-05-13 22:26:43 ===
Variables de conexión disponibles:
host: localhost
username: root
dbname: agrosant_pedidos
¿Existe pdo? sí
Parámetros recibidos:
Vendedor: Quinagro
Página: 1
Por página: 10
Usando conexión PDO existente
=== FIN DE PETICIÓN ===

=== NUEVA PETICIÓN: 2025-05-14 00:17:48 ===
Variables de conexión disponibles:
host: localhost
username: root
dbname: agrosant_pedidos
¿Existe pdo? sí
Parámetros recibidos:
Vendedor: Quinagro
Página: 1
Por página: 10
Usando conexión PDO existente
=== FIN DE PETICIÓN ===

=== NUEVA PETICIÓN: 2025-05-14 00:40:08 ===
Variables de conexión disponibles:
host: localhost
username: root
dbname: agrosant_pedidos
¿Existe pdo? sí
Parámetros recibidos:
Vendedor: Quinagro
Página: 1
Por página: 10
Usando conexión PDO existente
=== FIN DE PETICIÓN ===

=== NUEVA PETICIÓN: 2025-05-14 00:43:17 ===
Variables de conexión disponibles:
host: localhost
username: root
dbname: agrosant_pedidos
¿Existe pdo? sí
Parámetros recibidos:
Vendedor: Quinagro
Página: 1
Por página: 10
Usando conexión PDO existente
=== FIN DE PETICIÓN ===

=== NUEVA PETICIÓN: 2025-05-14 00:45:48 ===
Variables de conexión disponibles:
host: localhost
username: root
dbname: agrosant_pedidos
¿Existe pdo? sí
Parámetros recibidos:
Vendedor: Quinagro
Página: 1
Por página: 10
Usando conexión PDO existente
=== FIN DE PETICIÓN ===

=== NUEVA PETICIÓN: 2025-05-14 00:47:12 ===
Variables de conexión disponibles:
host: localhost
username: root
dbname: agrosant_pedidos
¿Existe pdo? sí
Parámetros recibidos:
Vendedor: Quinagro
Página: 1
Por página: 10
Usando conexión PDO existente
=== FIN DE PETICIÓN ===

=== NUEVA PETICIÓN: 2025-05-14 00:49:30 ===
Variables de conexión disponibles:
host: localhost
username: root
dbname: agrosant_pedidos
¿Existe pdo? sí
Parámetros recibidos:
Vendedor: Quinagro
Página: 1
Por página: 10
Usando conexión PDO existente
=== FIN DE PETICIÓN ===

=== NUEVA PETICIÓN: 2025-05-14 00:51:20 ===
Variables de conexión disponibles:
host: localhost
username: root
dbname: agrosant_pedidos
¿Existe pdo? sí
Parámetros recibidos:
Vendedor: Quinagro
Página: 1
Por página: 10
Usando conexión PDO existente
=== FIN DE PETICIÓN ===

=== NUEVA PETICIÓN: 2025-05-14 00:53:37 ===
Variables de conexión disponibles:
host: localhost
username: root
dbname: agrosant_pedidos
¿Existe pdo? sí
Parámetros recibidos:
Vendedor: Quinagro
Página: 1
Por página: 10
Usando conexión PDO existente
=== FIN DE PETICIÓN ===

=== NUEVA PETICIÓN: 2025-05-14 01:04:01 ===
Variables de conexión disponibles:
host: localhost
username: root
dbname: agrosant_pedidos
¿Existe pdo? sí
Parámetros recibidos:
Vendedor: Quinagro
Página: 1
Por página: 10
Usando conexión PDO existente
=== FIN DE PETICIÓN ===

=== NUEVA PETICIÓN: 2025-05-14 01:17:20 ===
Variables de conexión disponibles:
host: localhost
username: root
dbname: agrosant_pedidos
¿Existe pdo? sí
Parámetros recibidos:
Vendedor: Quinagro
Página: 1
Por página: 10
Usando conexión PDO existente
=== FIN DE PETICIÓN ===

=== NUEVA PETICIÓN: 2025-05-14 01:23:22 ===
Variables de conexión disponibles:
host: localhost
username: root
dbname: agrosant_pedidos
¿Existe pdo? sí
Parámetros recibidos:
Vendedor: Quinagro
Página: 1
Por página: 10
Usando conexión PDO existente
=== FIN DE PETICIÓN ===

=== NUEVA PETICIÓN: 2025-05-14 01:24:54 ===
Variables de conexión disponibles:
host: localhost
username: root
dbname: agrosant_pedidos
¿Existe pdo? sí
Parámetros recibidos:
Vendedor: Quinagro
Página: 1
Por página: 10
Usando conexión PDO existente
=== FIN DE PETICIÓN ===

=== NUEVA PETICIÓN: 2025-05-14 01:27:35 ===
Variables de conexión disponibles:
host: localhost
username: root
dbname: agrosant_pedidos
¿Existe pdo? sí
Parámetros recibidos:
Vendedor: Quinagro
Página: 1
Por página: 10
Usando conexión PDO existente
=== FIN DE PETICIÓN ===

=== NUEVA PETICIÓN: 2025-05-14 01:33:12 ===
Variables de conexión disponibles:
host: localhost
username: root
dbname: agrosant_pedidos
¿Existe pdo? sí
Parámetros recibidos:
Vendedor: Quinagro
Página: 1
Por página: 10
Usando conexión PDO existente
=== FIN DE PETICIÓN ===

=== NUEVA PETICIÓN: 2025-05-14 01:35:58 ===
Variables de conexión disponibles:
host: localhost
username: root
dbname: agrosant_pedidos
¿Existe pdo? sí
Parámetros recibidos:
Vendedor: Quinagro
Página: 1
Por página: 10
Usando conexión PDO existente
=== FIN DE PETICIÓN ===

=== NUEVA PETICIÓN: 2025-05-14 01:38:30 ===
Variables de conexión disponibles:
host: localhost
username: root
dbname: agrosant_pedidos
¿Existe pdo? sí
Parámetros recibidos:
Vendedor: Quinagro
Página: 1
Por página: 10
Usando conexión PDO existente
=== FIN DE PETICIÓN ===

=== NUEVA PETICIÓN: 2025-05-14 01:54:50 ===
Variables de conexión disponibles:
host: localhost
username: root
dbname: agrosant_pedidos
¿Existe pdo? sí
Parámetros recibidos:
Vendedor: Quinagro
Página: 1
Por página: 10
Usando conexión PDO existente
=== FIN DE PETICIÓN ===

=== NUEVA PETICIÓN: 2025-05-14 03:05:37 ===
Variables de conexión disponibles:
host: localhost
username: root
dbname: agrosant_pedidos
¿Existe pdo? sí
Parámetros recibidos:
Vendedor: Quinagro
Página: 1
Por página: 10
Usando conexión PDO existente
=== FIN DE PETICIÓN ===

