=== NUEVA PETICIÓN DE ÚLTIMO FOLIO (MODO DEBUG): 2025-05-13 22:24:22 ===
Sesión iniciada
Contenido de la sesión: Array
(
    [autentica] => SIP
    [userid] => c18cd9f0bb5157daf37efe94eb154c5f
    [username] => Quinagro
    [tipo] => oficina
)

Verificando archivo de conexión en: ../../pages/conexion.php
¿Archivo existe? SÍ
Intentando incluir conexion.php desde: ../../pages/conexion.php
Salida al incluir conexion.php: 
Conexión PDO obtenida correctamente
Parámetros de conexión: host=localhost, dbname=agrosant_pedidos, username=root
Consulta SQL: SELECT (MAX(CAST(folio AS UNSIGNED)) + 1) as siguiente_folio FROM adm_pedidos
Resultado de la consulta: Array
(
    [siguiente_folio] => 4035047
)

Siguiente folio: 4035047
Enviando respuesta: {"status":"success","nextFolio":"4035047"}
=== FIN DE PETICIÓN ÚLTIMO FOLIO (MODO DEBUG) ===

=== NUEVA PETICIÓN DE ÚLTIMO FOLIO (MODO DEBUG): 2025-05-13 22:24:37 ===
Sesión iniciada
Contenido de la sesión: Array
(
    [autentica] => SIP
    [userid] => c18cd9f0bb5157daf37efe94eb154c5f
    [username] => Quinagro
    [tipo] => oficina
)

Verificando archivo de conexión en: ../../pages/conexion.php
¿Archivo existe? SÍ
Intentando incluir conexion.php desde: ../../pages/conexion.php
Salida al incluir conexion.php: 
Conexión PDO obtenida correctamente
Parámetros de conexión: host=localhost, dbname=agrosant_pedidos, username=root
Consulta SQL: SELECT (MAX(CAST(folio AS UNSIGNED)) + 1) as siguiente_folio FROM adm_pedidos
Resultado de la consulta: Array
(
    [siguiente_folio] => 4035047
)

Siguiente folio: 4035047
Enviando respuesta: {"status":"success","nextFolio":"4035047"}
=== FIN DE PETICIÓN ÚLTIMO FOLIO (MODO DEBUG) ===

=== NUEVA PETICIÓN DE ÚLTIMO FOLIO (MODO DEBUG): 2025-05-13 22:24:57 ===
Sesión iniciada
Contenido de la sesión: Array
(
    [autentica] => SIP
    [userid] => c18cd9f0bb5157daf37efe94eb154c5f
    [username] => Quinagro
    [tipo] => oficina
)

Verificando archivo de conexión en: ../../pages/conexion.php
¿Archivo existe? SÍ
Intentando incluir conexion.php desde: ../../pages/conexion.php
Salida al incluir conexion.php: 
Conexión PDO obtenida correctamente
Parámetros de conexión: host=localhost, dbname=agrosant_pedidos, username=root
Consulta SQL: SELECT (MAX(CAST(folio AS UNSIGNED)) + 1) as siguiente_folio FROM adm_pedidos
Resultado de la consulta: Array
(
    [siguiente_folio] => 4035047
)

Siguiente folio: 4035047
Enviando respuesta: {"status":"success","nextFolio":"4035047"}
=== FIN DE PETICIÓN ÚLTIMO FOLIO (MODO DEBUG) ===

=== NUEVA PETICIÓN DE ÚLTIMO FOLIO (MODO DEBUG): 2025-05-13 22:25:54 ===
Sesión iniciada
Contenido de la sesión: Array
(
    [autentica] => SIP
    [userid] => c18cd9f0bb5157daf37efe94eb154c5f
    [username] => Quinagro
    [tipo] => oficina
)

Verificando archivo de conexión en: ../../pages/conexion.php
¿Archivo existe? SÍ
Intentando incluir conexion.php desde: ../../pages/conexion.php
Salida al incluir conexion.php: 
Conexión PDO obtenida correctamente
Parámetros de conexión: host=localhost, dbname=agrosant_pedidos, username=root
Consulta SQL: SELECT (MAX(CAST(folio AS UNSIGNED)) + 1) as siguiente_folio FROM adm_pedidos
Resultado de la consulta: Array
(
    [siguiente_folio] => 4035048
)

Siguiente folio: 4035048
Enviando respuesta: {"status":"success","nextFolio":"4035048"}
=== FIN DE PETICIÓN ÚLTIMO FOLIO (MODO DEBUG) ===

=== NUEVA PETICIÓN DE ÚLTIMO FOLIO (MODO DEBUG): 2025-05-13 22:26:27 ===
Sesión iniciada
Contenido de la sesión: Array
(
    [autentica] => SIP
    [userid] => c18cd9f0bb5157daf37efe94eb154c5f
    [username] => Quinagro
    [tipo] => oficina
)

Verificando archivo de conexión en: ../../pages/conexion.php
¿Archivo existe? SÍ
Intentando incluir conexion.php desde: ../../pages/conexion.php
Salida al incluir conexion.php: 
Conexión PDO obtenida correctamente
Parámetros de conexión: host=localhost, dbname=agrosant_pedidos, username=root
Consulta SQL: SELECT (MAX(CAST(folio AS UNSIGNED)) + 1) as siguiente_folio FROM adm_pedidos
Resultado de la consulta: Array
(
    [siguiente_folio] => 4035048
)

Siguiente folio: 4035048
Enviando respuesta: {"status":"success","nextFolio":"4035048"}
=== FIN DE PETICIÓN ÚLTIMO FOLIO (MODO DEBUG) ===

