=== NUEVA PETICIÓN: 2025-03-14 00:07:19 ===
POST: Array
(
    [ff] => 16
    [pp] => 00-45
    [pr] => 
    [cc] => 250
    [cm] => 
)

Comentarios encontrados en 'cm': ''
SQL a ejecutar: INSERT INTO prc_pedidos (folio, producto, presentacion, cantidad, usuario) VALUES ('16', '00-45', '', '250', 'oficina')
No se guardó ningún comentario porque no había comentarios
Respuesta: {"status":"success","folio":"16","message":"Producto procesado correctamente"}
=== FIN DE PETICIÓN ===

=== NUEVA PETICIÓN: 2025-03-14 00:07:33 ===
POST: Array
(
    [ff] => 16
    [pp] => Phelp 1L
    [pr] => 
    [cc] => 150
    [cm] => Sin etiqueta
)

Comentarios encontrados en 'cm': 'Sin etiqueta'
SQL a ejecutar: INSERT INTO prc_pedidos (folio, producto, presentacion, cantidad, usuario) VALUES ('16', 'Phelp 1L', '', '150', 'oficina')
SQL de observación (comentario): INSERT INTO obs_pedidos (folio, observaciones, usuario) VALUES ('16', '(Producto Phelp 1L): Sin etiqueta', 'oficina')
Comentario guardado correctamente
Respuesta: {"status":"success","folio":"16","message":"Producto procesado correctamente","comment_status":"Comentario guardado correctamente"}
=== FIN DE PETICIÓN ===

=== NUEVA PETICIÓN: 2025-03-14 00:13:45 ===
POST: Array
(
    [ff] => 17
    [pp] => 00-45
    [pr] => 
    [cc] => 150
    [cm] => 
)

Comentarios encontrados en 'cm': ''
SQL a ejecutar: INSERT INTO prc_pedidos (folio, producto, presentacion, cantidad, usuario) VALUES ('17', '00-45', '', '150', 'oficina')
No se guardó ningún comentario porque no había comentarios
Respuesta: {"status":"success","folio":"17","message":"Producto procesado correctamente"}
=== FIN DE PETICIÓN ===

=== NUEVA PETICIÓN: 2025-03-14 00:13:54 ===
POST: Array
(
    [ff] => 17
    [pp] => Balanced 1L
    [pr] => 
    [cc] => 250
    [cm] => Sin etiqueta 
)

Comentarios encontrados en 'cm': 'Sin etiqueta '
SQL a ejecutar: INSERT INTO prc_pedidos (folio, producto, presentacion, cantidad, usuario) VALUES ('17', 'Balanced 1L', '', '250', 'oficina')
SQL de observación (comentario): INSERT INTO obs_pedidos (folio, observaciones, usuario) VALUES ('17', '(Producto Balanced 1L): Sin etiqueta ', 'oficina')
Comentario guardado correctamente
Respuesta: {"status":"success","folio":"17","message":"Producto procesado correctamente","comment_status":"Comentario guardado correctamente"}
=== FIN DE PETICIÓN ===

=== NUEVA PETICIÓN: 2025-03-14 00:14:10 ===
POST: Array
(
    [ff] => 17
    [pp] => NPK
    [pr] => 
    [cc] => 250
    [cm] => En bolsa 
)

Comentarios encontrados en 'cm': 'En bolsa '
SQL a ejecutar: INSERT INTO prc_pedidos (folio, producto, presentacion, cantidad, usuario) VALUES ('17', 'NPK', '', '250', 'oficina')
SQL de observación (comentario): INSERT INTO obs_pedidos (folio, observaciones, usuario) VALUES ('17', '(Producto NPK): En bolsa ', 'oficina')
Comentario guardado correctamente
Respuesta: {"status":"success","folio":"17","message":"Producto procesado correctamente","comment_status":"Comentario guardado correctamente"}
=== FIN DE PETICIÓN ===

