[10-Dec-2024 03:27:01 Europe/Berlin] PHP Deprecated:  mysql_connect(): The mysql extension is deprecated and will be removed in the future: use mysqli or PDO instead in C:\ASF\htdocs\PedidosASF\almacen\index.php on line 12
[09-Dec-2024 20:27:01 America/Mexico_City] PHP Notice:  Undefined variable: dato_cons in C:\ASF\htdocs\PedidosASF\almacen\index.php on line 34
[09-Dec-2024 20:27:01 America/Mexico_City] PHP Notice:  Undefined variable: anterior in C:\ASF\htdocs\PedidosASF\almacen\index.php on line 282
[29-Mar-2025 07:38:21 Europe/Berlin] Procesando solicitud AJAX vendedores: Array
(
    [action] => update
    [id] => 1
    [campo] => nombre
    [valor] => ALEJANDRO SOTO
)

[29-Mar-2025 07:40:40 Europe/Berlin] Procesando solicitud AJAX vendedores: Array
(
    [action] => update
    [id] => 1
    [campo] => telefono
    [valor] => 555-3457
)

[29-Mar-2025 08:02:21 Europe/Berlin] Procesando solicitud AJAX vendedores: Array
(
    [action] => add
    [id] => 13
    [nombre] => EDSON BARRERA
    [telefono] => 443-1325668
)

