=== NUEVA PETICIÓN DE LOGIN APP: 2025-03-28 03:44:54 ===
POST: Array
(
    [usuario] => Oficina3
    [clave] => Oficina3
)

Usuario recibido: 'Oficina3', Clave: 'Oficina3'
Detectado usuario de oficina especial: Oficina3
Autenticación especial exitosa para: Oficina3
Respuesta JSON: {"success":true,"tipo":"oficina","message":"Autenticaci\u00f3n exitosa"}
=== FIN DE PETICIÓN LOGIN APP ===

=== NUEVA PETICIÓN DE LOGIN APP: 2025-03-28 03:45:10 ===
POST: Array
(
    [usuario] => Oficina3
    [clave] => Oficina3
)

Usuario recibido: 'Oficina3', Clave: 'Oficina3'
Detectado usuario de oficina especial: Oficina3
Autenticación especial exitosa para: Oficina3
Respuesta JSON: {"success":true,"tipo":"oficina","message":"Autenticaci\u00f3n exitosa"}
=== FIN DE PETICIÓN LOGIN APP ===

=== NUEVA PETICIÓN DE LOGIN APP: 2025-03-28 03:54:08 ===
POST: Array
(
    [usuario] => Oficina3
    [clave] => Oficina3
)

Usuario recibido: 'Oficina3', Clave: 'Oficina3'
Detectado usuario de oficina especial: Oficina3
Autenticación especial exitosa para: Oficina3
Respuesta JSON: {"success":true,"tipo":"oficina","message":"Autenticaci\u00f3n exitosa"}
=== FIN DE PETICIÓN LOGIN APP ===

=== NUEVA PETICIÓN DE LOGIN APP: 2025-03-28 03:56:38 ===
POST: Array
(
    [usuario] => Oficina3
    [clave] => Oficina3
)

Usuario recibido: 'Oficina3', Clave: 'Oficina3'
Detectado usuario de oficina especial: Oficina3
Autenticación especial exitosa para: Oficina3
Respuesta JSON: {"success":true,"tipo":"oficina","message":"Autenticaci\u00f3n exitosa"}
=== FIN DE PETICIÓN LOGIN APP ===

=== NUEVA PETICIÓN DE LOGIN APP: 2025-03-28 03:56:54 ===
POST: Array
(
    [usuario] => Oficina3
    [clave] => Oficina3
)

Usuario recibido: 'Oficina3', Clave: 'Oficina3'
Detectado usuario de oficina especial: Oficina3
Autenticación especial exitosa para: Oficina3
Respuesta JSON: {"success":true,"tipo":"oficina","message":"Autenticaci\u00f3n exitosa"}
=== FIN DE PETICIÓN LOGIN APP ===

=== NUEVA PETICIÓN DE LOGIN APP: 2025-03-28 04:01:34 ===
POST: Array
(
    [usuario] => Oficina3
    [clave] => Oficina3
)

Usuario recibido: 'Oficina3', Clave: 'Oficina3'
Detectado usuario de oficina especial: Oficina3
Autenticación especial exitosa para: Oficina3
Respuesta JSON: {"success":true,"tipo":"oficina","message":"Autenticaci\u00f3n exitosa"}
=== FIN DE PETICIÓN LOGIN APP ===

=== NUEVA PETICIÓN DE LOGIN APP: 2025-03-28 04:01:48 ===
POST: Array
(
    [usuario] => Oficina3
    [clave] => Oficina3
)

Usuario recibido: 'Oficina3', Clave: 'Oficina3'
Detectado usuario de oficina especial: Oficina3
Autenticación especial exitosa para: Oficina3
Respuesta JSON: {"success":true,"tipo":"oficina","message":"Autenticaci\u00f3n exitosa"}
=== FIN DE PETICIÓN LOGIN APP ===

=== NUEVA PETICIÓN DE LOGIN APP: 2025-03-28 04:02:55 ===
POST: Array
(
    [usuario] => Oficina3
    [clave] => Oficina3
)

Usuario recibido: 'Oficina3', Clave: 'Oficina3'
Detectado usuario de oficina especial: Oficina3
Autenticación especial exitosa para: Oficina3
Respuesta JSON: {"success":true,"tipo":"oficina","message":"Autenticaci\u00f3n exitosa"}
=== FIN DE PETICIÓN LOGIN APP ===

=== NUEVA PETICIÓN DE LOGIN APP: 2025-03-28 04:03:37 ===
POST: Array
(
    [usuario] => Oficina3
    [clave] => Oficina3
)

Usuario recibido: 'Oficina3', Clave: 'Oficina3'
Detectado usuario de oficina especial: Oficina3
Autenticación especial exitosa para: Oficina3
Respuesta JSON: {"success":true,"tipo":"oficina","message":"Autenticaci\u00f3n exitosa"}
=== FIN DE PETICIÓN LOGIN APP ===

=== NUEVA PETICIÓN DE LOGIN APP: 2025-03-28 04:04:07 ===
POST: Array
(
    [usuario] => Oficina3
    [clave] => Oficina3
)

Usuario recibido: 'Oficina3', Clave: 'Oficina3'
Detectado usuario de oficina especial: Oficina3
Autenticación especial exitosa para: Oficina3
Respuesta JSON: {"success":true,"tipo":"oficina","message":"Autenticaci\u00f3n exitosa"}
=== FIN DE PETICIÓN LOGIN APP ===

=== NUEVA PETICIÓN DE LOGIN APP: 2025-03-28 04:08:53 ===
POST: Array
(
    [usuario] => Oficina3
    [clave] => Oficina3
)

Usuario recibido: 'Oficina3', Clave: 'Oficina3'
Detectado usuario de oficina especial: Oficina3
Autenticación especial exitosa para: Oficina3
Respuesta JSON: {"success":true,"tipo":"oficina","message":"Autenticaci\u00f3n exitosa"}
=== FIN DE PETICIÓN LOGIN APP ===

=== NUEVA PETICIÓN DE LOGIN APP: 2025-03-28 04:14:12 ===
POST: Array
(
    [usuario] => Oficina3
    [clave] => Oficina3
)

Usuario recibido: 'Oficina3', Clave: 'Oficina3'
Detectado usuario de oficina especial: Oficina3
Autenticación especial exitosa para: Oficina3
Respuesta JSON: {"success":true,"tipo":"oficina","message":"Autenticaci\u00f3n exitosa"}
=== FIN DE PETICIÓN LOGIN APP ===

=== NUEVA PETICIÓN DE LOGIN APP: 2025-03-28 04:14:45 ===
POST: Array
(
    [usuario] => Oficina3
    [clave] => Oficina3
)

Usuario recibido: 'Oficina3', Clave: 'Oficina3'
Detectado usuario de oficina especial: Oficina3
Autenticación especial exitosa para: Oficina3
Respuesta JSON: {"success":true,"tipo":"oficina","message":"Autenticaci\u00f3n exitosa"}
=== FIN DE PETICIÓN LOGIN APP ===

=== NUEVA PETICIÓN DE LOGIN APP: 2025-03-28 04:26:51 ===
POST: Array
(
    [usuario] => Oficina3
    [clave] => Oficina3
)

Usuario recibido: 'Oficina3', Clave: 'Oficina3'
Detectado usuario de oficina especial: Oficina3
Autenticación especial exitosa para: Oficina3
Respuesta JSON: {"success":true,"tipo":"oficina","message":"Autenticaci\u00f3n exitosa"}
=== FIN DE PETICIÓN LOGIN APP ===

=== NUEVA PETICIÓN DE LOGIN APP: 2025-03-28 04:36:45 ===
POST: Array
(
    [usuario] => Oficina3
    [clave] => Oficina3
)

Usuario recibido: 'Oficina3', Clave: 'Oficina3'
Detectado usuario de oficina especial: Oficina3
Autenticación especial exitosa para: Oficina3
Respuesta JSON: {"success":true,"tipo":"oficina","message":"Autenticaci\u00f3n exitosa"}
=== FIN DE PETICIÓN LOGIN APP ===

=== NUEVA PETICIÓN DE LOGIN APP: 2025-03-28 04:37:35 ===
POST: Array
(
    [usuario] => Oficina3
    [clave] => Oficina3
)

Usuario recibido: 'Oficina3', Clave: 'Oficina3'
Detectado usuario de oficina especial: Oficina3
Autenticación especial exitosa para: Oficina3
Respuesta JSON: {"success":true,"tipo":"oficina","message":"Autenticaci\u00f3n exitosa"}
=== FIN DE PETICIÓN LOGIN APP ===

=== NUEVA PETICIÓN DE LOGIN APP: 2025-03-28 04:38:44 ===
POST: Array
(
    [usuario] => Oficina3
    [clave] => Oficina3
)

Usuario recibido: 'Oficina3', Clave: 'Oficina3'
Detectado usuario de oficina especial: Oficina3
Autenticación especial exitosa para: Oficina3
Respuesta JSON: {"success":true,"tipo":"oficina","message":"Autenticaci\u00f3n exitosa"}
=== FIN DE PETICIÓN LOGIN APP ===

=== NUEVA PETICIÓN DE LOGIN APP: 2025-03-28 04:40:58 ===
POST: Array
(
    [usuario] => Oficina3
    [clave] => Oficina3
)

Usuario recibido: 'Oficina3', Clave: 'Oficina3'
Detectado usuario de oficina especial: Oficina3
Autenticación especial exitosa para: Oficina3
Respuesta JSON: {"success":true,"tipo":"oficina","message":"Autenticaci\u00f3n exitosa"}
=== FIN DE PETICIÓN LOGIN APP ===

=== NUEVA PETICIÓN DE LOGIN APP: 2025-03-28 04:41:35 ===
POST: Array
(
    [usuario] => Oficina3
    [clave] => Oficina3
)

Usuario recibido: 'Oficina3', Clave: 'Oficina3'
Detectado usuario de oficina especial: Oficina3
Autenticación especial exitosa para: Oficina3
Respuesta JSON: {"success":true,"tipo":"oficina","message":"Autenticaci\u00f3n exitosa"}
=== FIN DE PETICIÓN LOGIN APP ===

=== NUEVA PETICIÓN DE LOGIN APP: 2025-03-28 04:50:36 ===
POST: Array
(
    [usuario] => Oficina3
    [clave] => Oficina3
)

Usuario recibido: 'Oficina3', Clave: 'Oficina3'
Detectado usuario de oficina especial: Oficina3
Autenticación especial exitosa para: Oficina3
Respuesta JSON: {"success":true,"tipo":"oficina","message":"Autenticaci\u00f3n exitosa"}
=== FIN DE PETICIÓN LOGIN APP ===

=== NUEVA PETICIÓN DE LOGIN APP: 2025-03-28 04:50:58 ===
POST: Array
(
    [usuario] => Oficina3
    [clave] => Oficina3
)

Usuario recibido: 'Oficina3', Clave: 'Oficina3'
Detectado usuario de oficina especial: Oficina3
Autenticación especial exitosa para: Oficina3
Respuesta JSON: {"success":true,"tipo":"oficina","message":"Autenticaci\u00f3n exitosa"}
=== FIN DE PETICIÓN LOGIN APP ===

=== NUEVA PETICIÓN DE LOGIN APP: 2025-03-28 04:53:56 ===
POST: Array
(
    [usuario] => Oficina3
    [clave] => Oficina3
)

Usuario recibido: 'Oficina3', Clave: 'Oficina3'
Detectado usuario de oficina especial: Oficina3
Autenticación especial exitosa para: Oficina3
Respuesta JSON: {"success":true,"tipo":"oficina","message":"Autenticaci\u00f3n exitosa"}
=== FIN DE PETICIÓN LOGIN APP ===

=== NUEVA PETICIÓN DE LOGIN APP: 2025-03-28 04:54:58 ===
POST: Array
(
    [usuario] => Oficina3
    [clave] => Oficina3
)

Usuario recibido: 'Oficina3', Clave: 'Oficina3'
Detectado usuario de oficina especial: Oficina3
Autenticación especial exitosa para: Oficina3
Respuesta JSON: {"success":true,"tipo":"oficina","message":"Autenticaci\u00f3n exitosa"}
=== FIN DE PETICIÓN LOGIN APP ===

=== NUEVA PETICIÓN DE LOGIN APP: 2025-03-28 04:55:43 ===
POST: Array
(
    [usuario] => Oficina3
    [clave] => Oficina3
)

Usuario recibido: 'Oficina3', Clave: 'Oficina3'
Detectado usuario de oficina especial: Oficina3
Autenticación especial exitosa para: Oficina3
Respuesta JSON: {"success":true,"tipo":"oficina","message":"Autenticaci\u00f3n exitosa"}
=== FIN DE PETICIÓN LOGIN APP ===

=== NUEVA PETICIÓN DE LOGIN APP: 2025-03-28 05:00:33 ===
POST: Array
(
    [usuario] => Oficina3
    [clave] => Oficina3
)

Usuario recibido: 'Oficina3', Clave: 'Oficina3'
Detectado usuario de oficina especial: Oficina3
Autenticación especial exitosa para: Oficina3
Respuesta JSON: {"success":true,"tipo":"oficina","message":"Autenticaci\u00f3n exitosa"}
=== FIN DE PETICIÓN LOGIN APP ===

=== NUEVA PETICIÓN DE LOGIN APP: 2025-03-28 05:01:11 ===
POST: Array
(
    [usuario] => Oficina3
    [clave] => Oficina3
)

Usuario recibido: 'Oficina3', Clave: 'Oficina3'
Detectado usuario de oficina especial: Oficina3
Autenticación especial exitosa para: Oficina3
Respuesta JSON: {"success":true,"tipo":"oficina","message":"Autenticaci\u00f3n exitosa"}
=== FIN DE PETICIÓN LOGIN APP ===

=== NUEVA PETICIÓN DE LOGIN APP: 2025-03-28 05:02:20 ===
POST: Array
(
    [usuario] => Oficina3
    [clave] => Oficina3
)

Usuario recibido: 'Oficina3', Clave: 'Oficina3'
Detectado usuario de oficina especial: Oficina3
Autenticación especial exitosa para: Oficina3
Respuesta JSON: {"success":true,"tipo":"oficina","message":"Autenticaci\u00f3n exitosa"}
=== FIN DE PETICIÓN LOGIN APP ===

=== NUEVA PETICIÓN DE LOGIN APP: 2025-03-28 05:02:53 ===
POST: Array
(
    [usuario] => Oficina3
    [clave] => Oficina3
)

Usuario recibido: 'Oficina3', Clave: 'Oficina3'
Detectado usuario de oficina especial: Oficina3
Autenticación especial exitosa para: Oficina3
Respuesta JSON: {"success":true,"tipo":"oficina","message":"Autenticaci\u00f3n exitosa"}
=== FIN DE PETICIÓN LOGIN APP ===

=== NUEVA PETICIÓN DE LOGIN APP: 2025-03-28 05:03:17 ===
POST: Array
(
    [usuario] => Oficina3
    [clave] => Oficina3
)

Usuario recibido: 'Oficina3', Clave: 'Oficina3'
Detectado usuario de oficina especial: Oficina3
Autenticación especial exitosa para: Oficina3
Respuesta JSON: {"success":true,"tipo":"oficina","message":"Autenticaci\u00f3n exitosa"}
=== FIN DE PETICIÓN LOGIN APP ===

